<?xml version="1.0" encoding="UTF-8"?>
<testng-results skipped="0" failed="0" ignored="0" total="1" passed="1">
  <reporter-output>
    <line>
      <![CDATA[Test started Running:AbsaAssessmentTest]]>
    </line>
    <line>
      <![CDATA[Test Success:AbsaAssessmentTest]]>
    </line>
    <line>
      <![CDATA[<a href='C:\Users\HP\eclipse-workspace\AutomationTask\src\main\java\WebTesting\AutomationTask\Success_ScreenShots\AbsaAssessmentTest_16_28_2018_12_16_45.png'><img src='C:\Users\HP\eclipse-workspace\AutomationTask\src\main\java\WebTesting\AutomationTask\Success_ScreenShots\AbsaAssessmentTest_16_28_2018_12_16_45.png' height='100' width='100'/></a>]]>
    </line>
  </reporter-output>
  <suite name="Regression" duration-ms="19174" started-at="2018-12-27T18:46:27Z" finished-at="2018-12-27T18:46:46Z">
    <groups>
    </groups>
    <test name="ChromeTest" duration-ms="19174" started-at="2018-12-27T18:46:27Z" finished-at="2018-12-27T18:46:46Z">
      <class name="WebTesting.AutomationTask.TC001_VerifyAddUserDetails">
        <test-method status="PASS" signature="OpenBrowser(java.lang.String)[pri:0, instance:WebTesting.AutomationTask.TC001_VerifyAddUserDetails@646007f4]" name="OpenBrowser" is-config="true" duration-ms="7397" started-at="2018-12-27T18:46:27Z" finished-at="2018-12-27T18:46:35Z">
          <params>
            <param index="0">
              <value>
                <![CDATA[Chrome]]>
              </value>
            </param>
          </params>
          <reporter-output>
          </reporter-output>
        </test-method> <!-- OpenBrowser -->
        <test-method status="PASS" signature="AbsaAssessmentTest()[pri:0, instance:WebTesting.AutomationTask.TC001_VerifyAddUserDetails@646007f4]" name="AbsaAssessmentTest" duration-ms="10729" started-at="2018-12-27T18:46:35Z" finished-at="2018-12-27T18:46:45Z">
          <reporter-output>
            <line>
              <![CDATA[Test started Running:AbsaAssessmentTest]]>
            </line>
            <line>
              <![CDATA[Test Success:AbsaAssessmentTest]]>
            </line>
            <line>
              <![CDATA[<a href='C:\Users\HP\eclipse-workspace\AutomationTask\src\main\java\WebTesting\AutomationTask\Success_ScreenShots\AbsaAssessmentTest_16_28_2018_12_16_45.png'><img src='C:\Users\HP\eclipse-workspace\AutomationTask\src\main\java\WebTesting\AutomationTask\Success_ScreenShots\AbsaAssessmentTest_16_28_2018_12_16_45.png' height='100' width='100'/></a>]]>
            </line>
          </reporter-output>
        </test-method> <!-- AbsaAssessmentTest -->
        <test-method status="PASS" signature="CloseBrowser()[pri:0, instance:WebTesting.AutomationTask.TC001_VerifyAddUserDetails@646007f4]" name="CloseBrowser" is-config="true" duration-ms="638" started-at="2018-12-27T18:46:46Z" finished-at="2018-12-27T18:46:46Z">
          <reporter-output>
          </reporter-output>
        </test-method> <!-- CloseBrowser -->
      </class> <!-- WebTesting.AutomationTask.TC001_VerifyAddUserDetails -->
    </test> <!-- ChromeTest -->
  </suite> <!-- Regression -->
</testng-results>
