<?xml version="1.0" encoding="UTF-8"?>
<!-- Generated by org.testng.reporters.JUnitXMLReporter -->
<testsuite hostname="HP-PC" ignored="0" name="FirefoxTest" tests="1" failures="0" timestamp="12 Dec 2018 08:48:24 GMT" time="0.028" errors="0">
  <testcase name="@BeforeMethod OpenBrowser" time="0.001" classname="WebTesting.AutomationTask.TC001_VerifyAddUserDetails">
    <failure type="java.lang.NullPointerException">
      <![CDATA[java.lang.NullPointerException
at WebTesting.AutomationTask.BasePage.browserLaunch(BasePage.java:25)
at WebTesting.AutomationTask.TC001_VerifyAddUserDetails.OpenBrowser(TC001_VerifyAddUserDetails.java:19)
at java.util.concurrent.ThreadPoolExecutor.runWorker(ThreadPoolExecutor.java:1149)
at java.util.concurrent.ThreadPoolExecutor$Worker.run(ThreadPoolExecutor.java:624)
at java.lang.Thread.run(Thread.java:748)
... Removed 13 stack frames]]>
    </failure>
  </testcase> <!-- @BeforeMethod OpenBrowser -->
  <testcase name="AbsaAssessmentTest" time="0.0" classname="WebTesting.AutomationTask.TC001_VerifyAddUserDetails">
    <skipped/>
  </testcase> <!-- AbsaAssessmentTest -->
</testsuite> <!-- FirefoxTest -->
