<?xml version="1.0" encoding="UTF-8"?>
<!-- Generated by org.testng.reporters.JUnitXMLReporter -->
<testsuite hostname="HP-PC" ignored="0" name="Test" tests="1" failures="0" timestamp="12 Dec 2018 08:17:37 GMT" time="0.076" errors="0">
  <testcase name="@BeforeMethod beforeMethod" time="0.0" classname="WebTesting.AutomationTask.TC001_VerifyAddUserDetails">
    <failure type="org.testng.TestNGException" message="
Can inject only one of &amp;lt;ITestContext, XmlTest, Method, Object[], ITestResult&amp;gt; into a @BeforeMethod annotated beforeMethod.
For more information on native dependency injection please refer to http://testng.org/doc/documentation-main.html#native-dependency-injection">
      <![CDATA[org.testng.TestNGException: 
Can inject only one of <ITestContext, XmlTest, Method, Object[], ITestResult> into a @BeforeMethod annotated beforeMethod.
For more information on native dependency injection please refer to http://testng.org/doc/documentation-main.html#native-dependency-injection
... Removed 25 stack frames]]>
    </failure>
  </testcase> <!-- @BeforeMethod beforeMethod -->
  <testcase name="@AfterMethod afterMethod" time="0.0" classname="WebTesting.AutomationTask.TC001_VerifyAddUserDetails">
    <skipped/>
  </testcase> <!-- @AfterMethod afterMethod -->
  <testcase name="f" time="0.0" classname="WebTesting.AutomationTask.TC001_VerifyAddUserDetails">
    <skipped/>
  </testcase> <!-- f -->
</testsuite> <!-- Test -->
